<?xml version="1.0" encoding="UTF-8"?>
<!-- Generated by org.testng.reporters.JUnitReportReporter -->
<testsuite hostname="Om_Namah_Shivay" failures="0" tests="1" name="Day1.HTTPRequest" time="3.464" errors="0" timestamp="2024-02-04T16:52:07 IST" skipped="0">
  <testcase classname="Day1.HTTPRequest" name="getUSer" time="3.464"/>
</testsuite> <!-- Day1.HTTPRequest -->
