<?xml version="1.0" encoding="UTF-8"?>
<!-- Generated by org.testng.reporters.JUnitReportReporter -->
<testsuite hostname="Om_Namah_Shivay" failures="0" tests="1" name="Day1.HTTPRequest" time="1.760" errors="0" timestamp="2024-02-13T14:02:41 IST" skipped="0">
  <testcase classname="Day1.HTTPRequest" name="getUSer" time="1.760"/>
</testsuite> <!-- Day1.HTTPRequest -->
