<?xml version="1.0" encoding="UTF-8"?>
<!-- Generated by org.testng.reporters.JUnitReportReporter -->
<testsuite hostname="Om_Namah_Shivay" failures="0" tests="4" name="api.test.UserTests" time="11.267" errors="0" timestamp="2024-02-13T14:02:41 IST" skipped="0">
  <testcase classname="api.test.UserTests" name="testPostUser" time="4.226"/>
  <testcase classname="api.test.UserTests" name="testGetUserByName" time="1.937"/>
  <testcase classname="api.test.UserTests" name="testUpdateUserByName" time="3.467"/>
  <testcase classname="api.test.UserTests" name="testDeleteUserByName" time="1.637"/>
</testsuite> <!-- api.test.UserTests -->
