<?xml version="1.0" encoding="UTF-8"?>
<!-- Generated by org.testng.reporters.JUnitReportReporter -->
<testsuite hostname="Om_Namah_Shivay" failures="0" tests="6" name="api.test.DDTests" time="11.793" errors="0" timestamp="2024-02-13T12:18:09 IST" skipped="0">
  <testcase classname="api.test.DDTests" name="testPostuser" time="1.940"/>
  <testcase classname="api.test.DDTests" name="testPostuser" time="2.864"/>
  <testcase classname="api.test.DDTests" name="testPostuser" time="1.645"/>
  <testcase classname="api.test.DDTests" name="testDeleteUserByName" time="1.654"/>
  <testcase classname="api.test.DDTests" name="testDeleteUserByName" time="2.054"/>
  <testcase classname="api.test.DDTests" name="testDeleteUserByName" time="1.636"/>
</testsuite> <!-- api.test.DDTests -->
