<?xml version="1.0" encoding="UTF-8"?>
<!-- Generated by org.testng.reporters.JUnitReportReporter -->
<testsuite hostname="Om_Namah_Shivay" failures="0" tests="1" name="Day1.HTTPRequest" time="4.057" errors="0" timestamp="2024-02-13T07:25:55 IST" skipped="0">
  <testcase classname="Day1.HTTPRequest" name="getUSer" time="4.057"/>
</testsuite> <!-- Day1.HTTPRequest -->
