<?xml version="1.0" encoding="UTF-8"?>
<!-- Generated by org.testng.reporters.JUnitReportReporter -->
<testsuite hostname="Om_Namah_Shivay" failures="0" tests="6" name="api.test.DDTests" time="10.273" errors="0" timestamp="2024-02-13T14:02:41 IST" skipped="0">
  <testcase classname="api.test.DDTests" name="testPostuser" time="1.944"/>
  <testcase classname="api.test.DDTests" name="testPostuser" time="1.737"/>
  <testcase classname="api.test.DDTests" name="testPostuser" time="1.922"/>
  <testcase classname="api.test.DDTests" name="testDeleteUserByName" time="1.529"/>
  <testcase classname="api.test.DDTests" name="testDeleteUserByName" time="1.522"/>
  <testcase classname="api.test.DDTests" name="testDeleteUserByName" time="1.619"/>
</testsuite> <!-- api.test.DDTests -->
