<?xml version="1.0" encoding="UTF-8"?>
<!-- Generated by org.testng.reporters.JUnitReportReporter -->
<testsuite hostname="Om_Namah_Shivay" failures="0" tests="4" name="api.test.UserTests2" time="9.302" errors="0" timestamp="2024-02-13T14:02:41 IST" skipped="0">
  <testcase classname="api.test.UserTests2" name="testPostUser" time="2.064"/>
  <testcase classname="api.test.UserTests2" name="testGetUserByName" time="1.940"/>
  <testcase classname="api.test.UserTests2" name="testUpdateUserByName" time="3.669"/>
  <testcase classname="api.test.UserTests2" name="testDeleteUserByName" time="1.629"/>
</testsuite> <!-- api.test.UserTests2 -->
