<?xml version="1.0" encoding="UTF-8"?>
<!-- Generated by org.testng.reporters.JUnitReportReporter -->
<testsuite hostname="Om_Namah_Shivay" failures="0" tests="4" name="api.test.UserTests2" time="10.391" errors="0" timestamp="2024-02-13T14:06:06 IST" skipped="0">
  <testcase classname="api.test.UserTests2" name="testPostUser" time="2.300"/>
  <testcase classname="api.test.UserTests2" name="testGetUserByName" time="2.258"/>
  <testcase classname="api.test.UserTests2" name="testUpdateUserByName" time="3.884"/>
  <testcase classname="api.test.UserTests2" name="testDeleteUserByName" time="1.949"/>
</testsuite> <!-- api.test.UserTests2 -->
