<?xml version="1.0" encoding="UTF-8"?>
<!-- Generated by org.testng.reporters.JUnitReportReporter -->
<testsuite hostname="Om_Namah_Shivay" failures="0" tests="6" name="api.test.DDTests" time="11.244" errors="0" timestamp="2024-02-13T14:06:06 IST" skipped="0">
  <testcase classname="api.test.DDTests" name="testPostuser" time="2.067"/>
  <testcase classname="api.test.DDTests" name="testPostuser" time="1.951"/>
  <testcase classname="api.test.DDTests" name="testPostuser" time="1.633"/>
  <testcase classname="api.test.DDTests" name="testDeleteUserByName" time="1.622"/>
  <testcase classname="api.test.DDTests" name="testDeleteUserByName" time="1.645"/>
  <testcase classname="api.test.DDTests" name="testDeleteUserByName" time="2.326"/>
</testsuite> <!-- api.test.DDTests -->
