<?xml version="1.0" encoding="UTF-8"?>
<!-- Generated by org.testng.reporters.JUnitReportReporter -->
<testsuite hostname="Om_Namah_Shivay" failures="0" tests="6" name="api.test.DDTests" time="10.198" errors="0" timestamp="2024-02-13T12:22:51 IST" skipped="0">
  <testcase classname="api.test.DDTests" name="testPostuser" time="1.830"/>
  <testcase classname="api.test.DDTests" name="testPostuser" time="1.809"/>
  <testcase classname="api.test.DDTests" name="testPostuser" time="1.640"/>
  <testcase classname="api.test.DDTests" name="testDeleteUserByName" time="1.523"/>
  <testcase classname="api.test.DDTests" name="testDeleteUserByName" time="1.545"/>
  <testcase classname="api.test.DDTests" name="testDeleteUserByName" time="1.851"/>
</testsuite> <!-- api.test.DDTests -->
