<?xml version="1.0" encoding="UTF-8"?>
<!-- Generated by org.testng.reporters.JUnitReportReporter -->
<testsuite hostname="Om_Namah_Shivay" failures="0" tests="4" name="api.test.UserTests" time="11.481" errors="0" timestamp="2024-02-13T12:22:51 IST" skipped="0">
  <testcase classname="api.test.UserTests" name="testPostUser" time="4.357"/>
  <testcase classname="api.test.UserTests" name="testGetUserByName" time="1.713"/>
  <testcase classname="api.test.UserTests" name="testUpdateUserByName" time="3.681"/>
  <testcase classname="api.test.UserTests" name="testDeleteUserByName" time="1.730"/>
</testsuite> <!-- api.test.UserTests -->
